29/10 11:41:01.842 [ [32mApp[39m              ]    [90minfo[39m: STARTING THING TRANSLATOR ec414310-be54-4af7-9151-51ec1cc742d9
29/10 11:41:01.890 [ [32mApp[39m              ]   [31merror[39m: ReferenceError: proxyMqttClient is not defined
29/10 11:42:18.419 [ [32mApp[39m              ]    [90minfo[39m: STARTING THING TRANSLATOR ec414310-be54-4af7-9151-51ec1cc742d9
29/10 11:42:18.473 [ [32mApp[39m              ]   [31merror[39m: ReferenceError: waitForEvent is not defined
29/10 11:42:29.837 [ [32mApp[39m              ]    [90minfo[39m: STARTING THING TRANSLATOR ec414310-be54-4af7-9151-51ec1cc742d9
29/10 11:42:29.902 [ [32mApp[39m              ]   [31merror[39m: TypeError: Cannot read property 'onMessage' of undefined
29/10 11:42:45.642 [ [32mApp[39m              ]    [90minfo[39m: STARTING THING TRANSLATOR ec414310-be54-4af7-9151-51ec1cc742d9
29/10 11:42:45.715 [ [32mApp[39m              ]    [90minfo[39m: STARTED THING TRANSLATOR ec414310-be54-4af7-9151-51ec1cc742d9
29/10 15:57:23.450 [ [32mApp[39m              ]    [90minfo[39m: STARTING THING TRANSLATOR ec414310-be54-4af7-9151-51ec1cc742d9
29/10 15:57:23.505 [ [32mApp[39m              ]    [90minfo[39m: STARTED THING TRANSLATOR ec414310-be54-4af7-9151-51ec1cc742d9
29/10 18:03:04.235 [ [32mApp[39m              ]    [90minfo[39m: STARTING THING TRANSLATOR 160985ae-833c-4184-a941-065e244938dc
29/10 18:03:04.293 [ [32mApp[39m              ]    [90minfo[39m: STARTED THING TRANSLATOR 160985ae-833c-4184-a941-065e244938dc
29/10 18:49:30.468 [ [32mApp[39m              ]    [90minfo[39m: STARTING THING TRANSLATOR 160985ae-833c-4184-a941-065e244938dc
29/10 18:49:30.523 [ [32mApp[39m              ]    [90minfo[39m: STARTED THING TRANSLATOR 160985ae-833c-4184-a941-065e244938dc
29/10 18:50:32.701 [ [32mTranslator[39m       ]   [34mdebug[39m: Hello Darwin - 
29/10 18:51:14.582 [ [32mApp[39m              ]    [90minfo[39m: STARTING THING TRANSLATOR 160985ae-833c-4184-a941-065e244938dc
29/10 18:51:14.626 [ [32mApp[39m              ]    [90minfo[39m: STARTED THING TRANSLATOR 160985ae-833c-4184-a941-065e244938dc
29/10 18:51:23.056 [ [32mTranslator[39m       ]   [34mdebug[39m: Hello Darwin - 
29/10 18:52:40.466 [ [32mApp[39m              ]    [90minfo[39m: STARTING THING TRANSLATOR 160985ae-833c-4184-a941-065e244938dc
29/10 18:52:40.516 [ [32mApp[39m              ]    [90minfo[39m: STARTED THING TRANSLATOR 160985ae-833c-4184-a941-065e244938dc
29/10 18:52:52.025 [ [32mTranslator[39m       ]   [34mdebug[39m: Hello Darwin - 
29/10 19:05:59.375 [ [32mApp[39m              ]    [90minfo[39m: STARTING THING TRANSLATOR 160985ae-833c-4184-a941-065e244938dc
29/10 19:05:59.424 [ [32mApp[39m              ]    [90minfo[39m: STARTED THING TRANSLATOR 160985ae-833c-4184-a941-065e244938dc
29/10 19:06:09.979 [ [32mTranslator[39m       ]   [34mdebug[39m: Hello Darwin - 
29/10 19:07:02.558 [ [32mApp[39m              ]    [90minfo[39m: STARTING THING TRANSLATOR 160985ae-833c-4184-a941-065e244938dc
29/10 19:07:02.604 [ [32mApp[39m              ]    [90minfo[39m: STARTED THING TRANSLATOR 160985ae-833c-4184-a941-065e244938dc
29/10 19:07:07.480 [ [32mTranslator[39m       ]   [34mdebug[39m: {"sender_id":"123","translator_id":"160985ae-833c-4184-a941-065e244938dc","foo":"bar"}
29/10 21:07:08.728 [ [32mApp[39m              ]    [90minfo[39m: STARTING THING TRANSLATOR 160985ae-833c-4184-a941-065e244938dc
29/10 21:07:08.774 [ [32mApp[39m              ]    [90minfo[39m: STARTED THING TRANSLATOR 160985ae-833c-4184-a941-065e244938dc
29/10 21:11:08.964 [ [32mTranslator[39m       ]   [34mdebug[39m: {"sender_id":"123","translator_id":"160985ae-833c-4184-a941-065e244938dc","foo":"bar"}
29/10 21:22:14.785 [ [32mTranslator[39m       ]   [34mdebug[39m: {"sender_id":"123","translator_id":"160985ae-833c-4184-a941-065e244938dc","foo":"bar"}
29/10 21:24:49.841 [ [32mTranslator[39m       ]   [34mdebug[39m: {"sender_id":"123","action":"off"}
29/10 21:30:24.803 [ [32mApp[39m              ]    [90minfo[39m: STARTING THING TRANSLATOR 160985ae-833c-4184-a941-065e244938dc
29/10 21:30:24.865 [ [32mApp[39m              ]    [90minfo[39m: STARTED THING TRANSLATOR 160985ae-833c-4184-a941-065e244938dc
29/10 21:30:29.119 [ [32mApp[39m              ]    [90minfo[39m: STARTING THING TRANSLATOR 160985ae-833c-4184-a941-065e244938dc
29/10 21:30:29.179 [ [32mApp[39m              ]    [90minfo[39m: STARTED THING TRANSLATOR 160985ae-833c-4184-a941-065e244938dc
30/10 06:32:02.706 [ [32mTranslator[39m       ]   [34mdebug[39m: {"sender_id":"123","action":"off"}
30/10 06:32:04.568 [ [32mTranslator[39m       ]   [34mdebug[39m: {"sender_id":"123","action":"off"}
30/10 06:32:33.367 [ [32mApp[39m              ]    [90minfo[39m: STARTING THING TRANSLATOR 160985ae-833c-4184-a941-065e244938dc
30/10 06:32:33.434 [ [32mApp[39m              ]    [90minfo[39m: STARTED THING TRANSLATOR 160985ae-833c-4184-a941-065e244938dc
30/10 06:32:39.002 [ [32mTranslator[39m       ]   [34mdebug[39m: {"sender_id":"123","action":"off"}
30/10 06:32:39.007 [ [32mTranslator[39m       ]   [34mdebug[39m: {"sender_id":"123","action":"off"}
30/10 06:58:39.071 [ [32mTranslator[39m       ]   [34mdebug[39m: {"sender_id":"123","action":"off"}
30/10 06:58:39.091 [ [32mTranslator[39m       ]   [34mdebug[39m: {"sender_id":"123","action":"off"}
30/10 07:50:04.879 [ [32mTranslator[39m       ]   [34mdebug[39m: {"sender_id":"123","action":"off"}
30/10 07:50:04.891 [ [32mTranslator[39m       ]   [34mdebug[39m: {"sender_id":"123","action":"off"}
30/10 07:50:06.361 [ [32mTranslator[39m       ]   [34mdebug[39m: {"sender_id":"123","action":"off"}
30/10 07:50:06.361 [ [32mTranslator[39m       ]   [34mdebug[39m: {"sender_id":"123","action":"off"}
30/10 07:56:24.273 [ [32mTranslator[39m       ]   [34mdebug[39m: {"sender_id":"123","action":"off"}
30/10 07:56:24.274 [ [32mTranslator[39m       ]   [34mdebug[39m: {"sender_id":"123","action":"off"}
30/10 07:58:04.630 [ [32mTranslator[39m       ]   [34mdebug[39m: {"sender_id":"123","action":"off"}
30/10 07:58:04.631 [ [32mTranslator[39m       ]   [34mdebug[39m: {"sender_id":"123","action":"off"}
30/10 07:58:06.361 [ [32mTranslator[39m       ]   [34mdebug[39m: {"sender_id":"123","action":"off"}
30/10 07:58:06.362 [ [32mTranslator[39m       ]   [34mdebug[39m: {"sender_id":"123","action":"off"}
30/10 07:58:30.677 [ [32mTranslator[39m       ]   [34mdebug[39m: {"sender_id":"123","action":"off"}
30/10 07:58:30.677 [ [32mTranslator[39m       ]   [34mdebug[39m: {"sender_id":"123","action":"off"}
30/10 08:02:30.354 [ [32mTranslator[39m       ]   [34mdebug[39m: {"sender_id":"123","action":"off"}
30/10 08:02:30.354 [ [32mTranslator[39m       ]   [34mdebug[39m: {"sender_id":"123","action":"off"}
30/10 08:02:33.450 [ [32mTranslator[39m       ]   [34mdebug[39m: {"sender_id":"123","action":"off"}
30/10 08:02:33.450 [ [32mTranslator[39m       ]   [34mdebug[39m: {"sender_id":"123","action":"off"}
30/10 08:05:57.788 [ [32mTranslator[39m       ]   [34mdebug[39m: {"sender_id":"123","action":"off"}
30/10 08:05:57.788 [ [32mTranslator[39m       ]   [34mdebug[39m: {"sender_id":"123","action":"off"}
30/10 08:05:59.914 [ [32mTranslator[39m       ]   [34mdebug[39m: {"sender_id":"123","action":"off"}
30/10 08:05:59.920 [ [32mTranslator[39m       ]   [34mdebug[39m: {"sender_id":"123","action":"off"}
30/10 08:40:51.944 [ [32mTranslator[39m       ]   [34mdebug[39m: {"sender_id":"123","action":"off"}
30/10 08:40:51.950 [ [32mTranslator[39m       ]   [34mdebug[39m: {"sender_id":"123","action":"off"}
30/10 08:41:37.146 [ [32mTranslator[39m       ]   [34mdebug[39m: {"sender_id":"123","action":"off"}
30/10 08:41:37.147 [ [32mTranslator[39m       ]   [34mdebug[39m: {"sender_id":"123","action":"off"}
30/10 08:47:14.774 [ [32mTranslator[39m       ]   [34mdebug[39m: {"sender_id":"123","action":"off"}
30/10 08:47:14.775 [ [32mTranslator[39m       ]   [34mdebug[39m: {"sender_id":"123","action":"off"}
30/10 08:47:40.121 [ [32mTranslator[39m       ]   [34mdebug[39m: {"sender_id":"123","action":"off"}
30/10 08:47:40.120 [ [32mTranslator[39m       ]   [34mdebug[39m: {"sender_id":"123","action":"off"}
30/10 08:48:32.481 [ [32mTranslator[39m       ]   [34mdebug[39m: {"sender_id":"123","action":"off"}
30/10 08:48:32.482 [ [32mTranslator[39m       ]   [34mdebug[39m: {"sender_id":"123","action":"off"}
30/10 08:48:34.215 [ [32mTranslator[39m       ]   [34mdebug[39m: {"sender_id":"123","action":"off"}
30/10 08:48:34.215 [ [32mTranslator[39m       ]   [34mdebug[39m: {"sender_id":"123","action":"off"}
30/10 11:01:47.111 [ [32mTranslator[39m       ]   [34mdebug[39m: {"sender_id":"123","action":{"on":true,"color":"#FF00FF"}}
30/10 11:01:47.110 [ [32mTranslator[39m       ]   [34mdebug[39m: {"sender_id":"123","action":{"on":true,"color":"#FF00FF"}}
30/10 11:06:55.004 [ [32mTranslator[39m       ]   [34mdebug[39m: {"sender_id":"123","action":{"on":true,"color":"#FF00FF"}}
30/10 11:06:55.005 [ [32mTranslator[39m       ]   [34mdebug[39m: {"sender_id":"123","action":{"on":true,"color":"#FF00FF"}}
30/10 11:11:16.307 [ [32mTranslator[39m       ]   [34mdebug[39m: {"sender_id":"123","action":{"on":false}}
30/10 11:11:16.317 [ [32mTranslator[39m       ]   [34mdebug[39m: {"sender_id":"123","action":{"on":false}}
30/10 11:13:58.359 [ [32mTranslator[39m       ]   [34mdebug[39m: {"sender_id":"123","action":{"on":true}}
30/10 11:13:58.360 [ [32mTranslator[39m       ]   [34mdebug[39m: {"sender_id":"123","action":{"on":true}}
30/10 11:14:00.500 [ [32mTranslator[39m       ]   [34mdebug[39m: {"sender_id":"123","action":{"color":"#ffbb73"}}
30/10 11:14:00.501 [ [32mTranslator[39m       ]   [34mdebug[39m: {"sender_id":"123","action":{"color":"#ffbb73"}}
30/10 11:14:07.153 [ [32mTranslator[39m       ]   [34mdebug[39m: {"sender_id":"123","action":{"on":false}}
30/10 11:14:07.152 [ [32mTranslator[39m       ]   [34mdebug[39m: {"sender_id":"123","action":{"on":false}}
30/10 11:16:02.032 [ [32mApp[39m              ]    [90minfo[39m: STARTING THING TRANSLATOR 160985ae-833c-4184-a941-065e244938dc
30/10 11:16:02.032 [ [32mApp[39m              ]    [90minfo[39m: STARTING THING TRANSLATOR 160985ae-833c-4184-a941-065e244938dc
30/10 11:16:02.091 [ [32mApp[39m              ]    [90minfo[39m: STARTED THING TRANSLATOR 160985ae-833c-4184-a941-065e244938dc
30/10 11:16:02.091 [ [32mApp[39m              ]    [90minfo[39m: STARTED THING TRANSLATOR 160985ae-833c-4184-a941-065e244938dc
30/10 11:16:12.137 [ [32mTranslator[39m       ]   [34mdebug[39m: {"sender_id":"123","action":{"on":true}}
30/10 11:16:12.138 [ [32mTranslator[39m       ]   [34mdebug[39m: {"sender_id":"123","action":{"on":true}}
30/10 11:16:34.361 [ [32mApp[39m              ]    [90minfo[39m: STARTING THING TRANSLATOR 160985ae-833c-4184-a941-065e244938dc
30/10 11:16:34.361 [ [32mApp[39m              ]    [90minfo[39m: STARTING THING TRANSLATOR 160985ae-833c-4184-a941-065e244938dc
30/10 11:16:34.416 [ [32mApp[39m              ]    [90minfo[39m: STARTED THING TRANSLATOR 160985ae-833c-4184-a941-065e244938dc
30/10 11:16:34.417 [ [32mApp[39m              ]    [90minfo[39m: STARTED THING TRANSLATOR 160985ae-833c-4184-a941-065e244938dc
30/10 11:16:38.811 [ [32mTranslator[39m       ]   [34mdebug[39m: {"sender_id":"123","action":{"on":false}}
30/10 11:16:38.811 [ [32mTranslator[39m       ]   [34mdebug[39m: {"sender_id":"123","action":{"on":false}}
30/10 11:17:34.042 [ [32mApp[39m              ]    [90minfo[39m: STARTING THING TRANSLATOR 160985ae-833c-4184-a941-065e244938dc
30/10 11:17:34.042 [ [32mApp[39m              ]    [90minfo[39m: STARTING THING TRANSLATOR 160985ae-833c-4184-a941-065e244938dc
30/10 11:17:34.088 [ [32mApp[39m              ]    [90minfo[39m: STARTED THING TRANSLATOR 160985ae-833c-4184-a941-065e244938dc
30/10 11:17:34.088 [ [32mApp[39m              ]    [90minfo[39m: STARTED THING TRANSLATOR 160985ae-833c-4184-a941-065e244938dc
30/10 11:17:36.364 [ [32mTranslator[39m       ]   [34mdebug[39m: {"sender_id":"123","action":{"on":true}}
30/10 11:17:36.364 [ [32mTranslator[39m       ]   [34mdebug[39m: {"sender_id":"123","action":{"on":true}}
30/10 11:17:56.065 [ [32mApp[39m              ]    [90minfo[39m: STARTING THING TRANSLATOR 160985ae-833c-4184-a941-065e244938dc
30/10 11:17:56.065 [ [32mApp[39m              ]    [90minfo[39m: STARTING THING TRANSLATOR 160985ae-833c-4184-a941-065e244938dc
30/10 11:17:56.120 [ [32mApp[39m              ]    [90minfo[39m: STARTED THING TRANSLATOR 160985ae-833c-4184-a941-065e244938dc
30/10 11:17:56.121 [ [32mApp[39m              ]    [90minfo[39m: STARTED THING TRANSLATOR 160985ae-833c-4184-a941-065e244938dc
30/10 11:18:01.911 [ [32mTranslator[39m       ]   [34mdebug[39m: {"sender_id":"123","action":{"on":false}}
30/10 11:18:01.911 [ [32mTranslator[39m       ]   [34mdebug[39m: {"sender_id":"123","action":{"on":false}}
30/10 11:18:23.418 [ [32mApp[39m              ]    [90minfo[39m: STARTING THING TRANSLATOR 160985ae-833c-4184-a941-065e244938dc
30/10 11:18:23.418 [ [32mApp[39m              ]    [90minfo[39m: STARTING THING TRANSLATOR 160985ae-833c-4184-a941-065e244938dc
30/10 11:18:23.467 [ [32mApp[39m              ]    [90minfo[39m: STARTED THING TRANSLATOR 160985ae-833c-4184-a941-065e244938dc
30/10 11:18:23.467 [ [32mApp[39m              ]    [90minfo[39m: STARTED THING TRANSLATOR 160985ae-833c-4184-a941-065e244938dc
30/10 11:18:26.773 [ [32mTranslator[39m       ]   [34mdebug[39m: {"sender_id":"123","action":{"on":true}}
30/10 11:18:26.773 [ [32mTranslator[39m       ]   [34mdebug[39m: {"sender_id":"123","action":{"on":true}}
30/10 11:18:26.773 [ [32mTranslator[39m       ]   [34mdebug[39m: ON!
30/10 11:18:26.774 [ [32mTranslator[39m       ]   [34mdebug[39m: ON!
30/10 11:18:36.610 [ [32mApp[39m              ]    [90minfo[39m: STARTING THING TRANSLATOR 160985ae-833c-4184-a941-065e244938dc
30/10 11:18:36.615 [ [32mApp[39m              ]    [90minfo[39m: STARTING THING TRANSLATOR 160985ae-833c-4184-a941-065e244938dc
30/10 11:18:36.668 [ [32mApp[39m              ]    [90minfo[39m: STARTED THING TRANSLATOR 160985ae-833c-4184-a941-065e244938dc
30/10 11:18:36.672 [ [32mApp[39m              ]    [90minfo[39m: STARTED THING TRANSLATOR 160985ae-833c-4184-a941-065e244938dc
30/10 11:18:39.062 [ [32mTranslator[39m       ]   [34mdebug[39m: {"sender_id":"123","action":{"on":false}}
30/10 11:18:39.062 [ [32mTranslator[39m       ]   [34mdebug[39m: {"sender_id":"123","action":{"on":false}}
30/10 11:18:39.063 [ [32mTranslator[39m       ]   [34mdebug[39m: ON!
30/10 11:18:39.063 [ [32mTranslator[39m       ]   [34mdebug[39m: ON!
30/10 11:19:32.797 [ [32mApp[39m              ]    [90minfo[39m: STARTING THING TRANSLATOR 160985ae-833c-4184-a941-065e244938dc
30/10 11:19:32.797 [ [32mApp[39m              ]    [90minfo[39m: STARTING THING TRANSLATOR 160985ae-833c-4184-a941-065e244938dc
30/10 11:19:32.851 [ [32mApp[39m              ]    [90minfo[39m: STARTED THING TRANSLATOR 160985ae-833c-4184-a941-065e244938dc
30/10 11:19:32.852 [ [32mApp[39m              ]    [90minfo[39m: STARTED THING TRANSLATOR 160985ae-833c-4184-a941-065e244938dc
30/10 11:23:35.521 [ [32mApp[39m              ]    [90minfo[39m: STARTING THING TRANSLATOR 160985ae-833c-4184-a941-065e244938dc
30/10 11:23:35.521 [ [32mApp[39m              ]    [90minfo[39m: STARTING THING TRANSLATOR 160985ae-833c-4184-a941-065e244938dc
30/10 11:23:35.573 [ [32mApp[39m              ]    [90minfo[39m: STARTED THING TRANSLATOR 160985ae-833c-4184-a941-065e244938dc
30/10 11:23:35.577 [ [32mApp[39m              ]    [90minfo[39m: STARTED THING TRANSLATOR 160985ae-833c-4184-a941-065e244938dc
30/10 11:24:09.330 [ [32mTranslator[39m       ]   [34mdebug[39m: {"sender_id":"123","action":{"on":true}}
30/10 11:24:09.330 [ [32mTranslator[39m       ]   [34mdebug[39m: {"sender_id":"123","action":{"on":true}}
30/10 11:29:27.124 [ [32mApp[39m              ]    [90minfo[39m: STARTING THING TRANSLATOR 160985ae-833c-4184-a941-065e244938dc
30/10 11:29:27.128 [ [32mApp[39m              ]    [90minfo[39m: STARTING THING TRANSLATOR 160985ae-833c-4184-a941-065e244938dc
30/10 11:29:27.226 [ [32mApp[39m              ]    [90minfo[39m: STARTED THING TRANSLATOR 160985ae-833c-4184-a941-065e244938dc
30/10 11:29:27.226 [ [32mApp[39m              ]    [90minfo[39m: STARTED THING TRANSLATOR 160985ae-833c-4184-a941-065e244938dc
30/10 11:30:13.568 [ [32mApp[39m              ]    [90minfo[39m: STARTING THING TRANSLATOR 160985ae-833c-4184-a941-065e244938dc
30/10 11:30:13.569 [ [32mApp[39m              ]    [90minfo[39m: STARTING THING TRANSLATOR 160985ae-833c-4184-a941-065e244938dc
30/10 11:30:13.644 [ [32mApp[39m              ]    [90minfo[39m: STARTED THING TRANSLATOR 160985ae-833c-4184-a941-065e244938dc
30/10 11:30:13.648 [ [32mApp[39m              ]    [90minfo[39m: STARTED THING TRANSLATOR 160985ae-833c-4184-a941-065e244938dc
30/10 11:30:36.121 [ [32mTranslator[39m       ]   [34mdebug[39m: {"sender_id":"123","action":{"on":true}}
30/10 11:30:36.121 [ [32mTranslator[39m       ]   [34mdebug[39m: {"sender_id":"123","action":{"on":true}}
30/10 11:30:47.534 [ [32mApp[39m              ]    [90minfo[39m: STARTING THING TRANSLATOR 160985ae-833c-4184-a941-065e244938dc
30/10 11:30:47.535 [ [32mApp[39m              ]    [90minfo[39m: STARTING THING TRANSLATOR 160985ae-833c-4184-a941-065e244938dc
30/10 11:30:47.596 [ [32mApp[39m              ]    [90minfo[39m: STARTED THING TRANSLATOR 160985ae-833c-4184-a941-065e244938dc
30/10 11:30:47.597 [ [32mApp[39m              ]    [90minfo[39m: STARTED THING TRANSLATOR 160985ae-833c-4184-a941-065e244938dc
30/10 11:30:52.369 [ [32mTranslator[39m       ]   [34mdebug[39m: {"sender_id":"123","action":{"on":true}}
30/10 11:30:52.369 [ [32mTranslator[39m       ]   [34mdebug[39m: {"sender_id":"123","action":{"on":true}}
30/10 11:30:55.068 [ [32mTranslator[39m       ]   [34mdebug[39m: {"sender_id":"123","action":{"on":false}}
30/10 11:30:55.068 [ [32mTranslator[39m       ]   [34mdebug[39m: {"sender_id":"123","action":{"on":false}}
30/10 11:30:59.453 [ [32mTranslator[39m       ]   [34mdebug[39m: {"sender_id":"123","action":{"on":false}}
30/10 11:30:59.453 [ [32mTranslator[39m       ]   [34mdebug[39m: {"sender_id":"123","action":{"on":false}}
30/10 11:31:04.024 [ [32mTranslator[39m       ]   [34mdebug[39m: {"sender_id":"123","action":{"on":true}}
30/10 11:31:04.024 [ [32mTranslator[39m       ]   [34mdebug[39m: {"sender_id":"123","action":{"on":true}}
30/10 11:31:04.838 [ [32mTranslator[39m       ]   [34mdebug[39m: {"sender_id":"123","action":{"on":false}}
30/10 11:31:04.838 [ [32mTranslator[39m       ]   [34mdebug[39m: {"sender_id":"123","action":{"on":false}}
30/10 11:31:36.224 [ [32mApp[39m              ]    [90minfo[39m: STARTING THING TRANSLATOR 160985ae-833c-4184-a941-065e244938dc
30/10 11:31:36.224 [ [32mApp[39m              ]    [90minfo[39m: STARTING THING TRANSLATOR 160985ae-833c-4184-a941-065e244938dc
30/10 11:31:36.304 [ [32mApp[39m              ]    [90minfo[39m: STARTED THING TRANSLATOR 160985ae-833c-4184-a941-065e244938dc
30/10 11:31:36.309 [ [32mApp[39m              ]    [90minfo[39m: STARTED THING TRANSLATOR 160985ae-833c-4184-a941-065e244938dc
30/10 11:31:41.085 [ [32mTranslator[39m       ]   [34mdebug[39m: {"sender_id":"123","action":{"on":false}}
30/10 11:31:41.085 [ [32mTranslator[39m       ]   [34mdebug[39m: {"sender_id":"123","action":{"on":false}}
30/10 11:31:57.056 [ [32mApp[39m              ]    [90minfo[39m: STARTING THING TRANSLATOR 160985ae-833c-4184-a941-065e244938dc
30/10 11:31:57.056 [ [32mApp[39m              ]    [90minfo[39m: STARTING THING TRANSLATOR 160985ae-833c-4184-a941-065e244938dc
30/10 11:31:57.097 [ [32mApp[39m              ]    [90minfo[39m: STARTED THING TRANSLATOR 160985ae-833c-4184-a941-065e244938dc
30/10 11:31:57.097 [ [32mApp[39m              ]    [90minfo[39m: STARTED THING TRANSLATOR 160985ae-833c-4184-a941-065e244938dc
30/10 11:32:52.420 [ [32mApp[39m              ]    [90minfo[39m: STARTING THING TRANSLATOR 160985ae-833c-4184-a941-065e244938dc
30/10 11:32:52.420 [ [32mApp[39m              ]    [90minfo[39m: STARTING THING TRANSLATOR 160985ae-833c-4184-a941-065e244938dc
30/10 11:32:52.464 [ [32mApp[39m              ]    [90minfo[39m: STARTED THING TRANSLATOR 160985ae-833c-4184-a941-065e244938dc
30/10 11:32:52.464 [ [32mApp[39m              ]    [90minfo[39m: STARTED THING TRANSLATOR 160985ae-833c-4184-a941-065e244938dc
30/10 11:32:54.146 [ [32mTranslator[39m       ]   [34mdebug[39m: {"sender_id":"123","action":{"on":false}}
30/10 11:32:54.146 [ [32mTranslator[39m       ]   [34mdebug[39m: {"sender_id":"123","action":{"on":false}}
30/10 11:33:19.495 [ [32mApp[39m              ]    [90minfo[39m: STARTING THING TRANSLATOR 160985ae-833c-4184-a941-065e244938dc
30/10 11:33:19.495 [ [32mApp[39m              ]    [90minfo[39m: STARTING THING TRANSLATOR 160985ae-833c-4184-a941-065e244938dc
30/10 11:33:19.567 [ [32mApp[39m              ]    [90minfo[39m: STARTED THING TRANSLATOR 160985ae-833c-4184-a941-065e244938dc
30/10 11:33:19.568 [ [32mApp[39m              ]    [90minfo[39m: STARTED THING TRANSLATOR 160985ae-833c-4184-a941-065e244938dc
30/10 11:33:21.007 [ [32mTranslator[39m       ]   [34mdebug[39m: {"sender_id":"123","action":{"on":false}}
30/10 11:33:21.007 [ [32mTranslator[39m       ]   [34mdebug[39m: {"sender_id":"123","action":{"on":false}}
30/10 11:34:20.376 [ [32mTranslator[39m       ]   [34mdebug[39m: {"sender_id":"123","action":{"on":true}}
30/10 11:34:20.377 [ [32mTranslator[39m       ]   [34mdebug[39m: {"sender_id":"123","action":{"on":true}}
30/10 11:34:20.775 [ [32mTranslator[39m       ]   [34mdebug[39m: {"sender_id":"123","action":{"on":true}}
30/10 11:34:20.775 [ [32mTranslator[39m       ]   [34mdebug[39m: {"sender_id":"123","action":{"on":true}}
30/10 11:34:21.790 [ [32mTranslator[39m       ]   [34mdebug[39m: {"sender_id":"123","action":{"on":true}}
30/10 11:34:21.790 [ [32mTranslator[39m       ]   [34mdebug[39m: {"sender_id":"123","action":{"on":true}}
30/10 11:36:39.817 [ [32mTranslator[39m       ]   [34mdebug[39m: {"sender_id":"123","action":{"on":false}}
30/10 11:36:39.817 [ [32mTranslator[39m       ]   [34mdebug[39m: {"sender_id":"123","action":{"on":false}}
30/10 11:37:02.192 [ [32mTranslator[39m       ]   [34mdebug[39m: {"sender_id":"123","action":{"on":true}}
30/10 11:37:02.192 [ [32mTranslator[39m       ]   [34mdebug[39m: {"sender_id":"123","action":{"on":true}}
30/10 11:37:31.600 [ [32mTranslator[39m       ]   [34mdebug[39m: {"sender_id":"123","action":{"on":false}}
30/10 11:37:31.600 [ [32mTranslator[39m       ]   [34mdebug[39m: {"sender_id":"123","action":{"on":false}}
30/10 11:37:49.504 [ [32mTranslator[39m       ]   [34mdebug[39m: {"sender_id":"123","action":{"on":false}}
30/10 11:37:49.504 [ [32mTranslator[39m       ]   [34mdebug[39m: {"sender_id":"123","action":{"on":false}}
30/10 11:37:53.696 [ [32mTranslator[39m       ]   [34mdebug[39m: {"sender_id":"123","action":{"on":true}}
30/10 11:37:53.696 [ [32mTranslator[39m       ]   [34mdebug[39m: {"sender_id":"123","action":{"on":true}}
30/10 11:37:55.417 [ [32mTranslator[39m       ]   [34mdebug[39m: {"sender_id":"123","action":{"on":false}}
30/10 11:37:55.417 [ [32mTranslator[39m       ]   [34mdebug[39m: {"sender_id":"123","action":{"on":false}}
30/10 11:38:04.153 [ [32mTranslator[39m       ]   [34mdebug[39m: {"sender_id":"123","action":{"on":true}}
30/10 11:38:04.153 [ [32mTranslator[39m       ]   [34mdebug[39m: {"sender_id":"123","action":{"on":true}}
30/10 11:38:08.934 [ [32mTranslator[39m       ]   [34mdebug[39m: {"sender_id":"123","action":{"on":false}}
30/10 11:38:08.934 [ [32mTranslator[39m       ]   [34mdebug[39m: {"sender_id":"123","action":{"on":false}}
30/10 11:39:03.700 [ [32mTranslator[39m       ]   [34mdebug[39m: {"sender_id":"123","action":{"on":true}}
30/10 11:39:03.700 [ [32mTranslator[39m       ]   [34mdebug[39m: {"sender_id":"123","action":{"on":true}}
30/10 11:39:05.234 [ [32mTranslator[39m       ]   [34mdebug[39m: {"sender_id":"123","action":{"on":false}}
30/10 11:39:05.234 [ [32mTranslator[39m       ]   [34mdebug[39m: {"sender_id":"123","action":{"on":false}}
30/10 11:39:05.958 [ [32mTranslator[39m       ]   [34mdebug[39m: {"sender_id":"123","action":{"on":true}}
30/10 11:39:05.958 [ [32mTranslator[39m       ]   [34mdebug[39m: {"sender_id":"123","action":{"on":true}}
30/10 11:39:06.511 [ [32mTranslator[39m       ]   [34mdebug[39m: {"sender_id":"123","action":{"color":"#ffbb73"}}
30/10 11:39:06.511 [ [32mTranslator[39m       ]   [34mdebug[39m: {"sender_id":"123","action":{"color":"#ffbb73"}}
30/10 11:39:07.552 [ [32mTranslator[39m       ]   [34mdebug[39m: {"sender_id":"123","action":{"color":"#ffbb73"}}
30/10 11:39:07.552 [ [32mTranslator[39m       ]   [34mdebug[39m: {"sender_id":"123","action":{"color":"#ffbb73"}}
30/10 11:39:08.248 [ [32mTranslator[39m       ]   [34mdebug[39m: {"sender_id":"123","action":{"color":"#ffbb73"}}
30/10 11:39:08.248 [ [32mTranslator[39m       ]   [34mdebug[39m: {"sender_id":"123","action":{"color":"#ffbb73"}}
30/10 11:39:09.014 [ [32mTranslator[39m       ]   [34mdebug[39m: {"sender_id":"123","action":{"color":"#ffbb73"}}
30/10 11:39:09.014 [ [32mTranslator[39m       ]   [34mdebug[39m: {"sender_id":"123","action":{"color":"#ffbb73"}}
30/10 11:40:21.296 [ [32mTranslator[39m       ]   [34mdebug[39m: {"sender_id":"123","action":{"on":true}}
30/10 11:40:21.296 [ [32mTranslator[39m       ]   [34mdebug[39m: {"sender_id":"123","action":{"on":true}}
30/10 11:40:25.524 [ [32mTranslator[39m       ]   [34mdebug[39m: {"sender_id":"123","action":{"on":false}}
30/10 11:40:25.525 [ [32mTranslator[39m       ]   [34mdebug[39m: {"sender_id":"123","action":{"on":false}}
30/10 11:40:29.895 [ [32mTranslator[39m       ]   [34mdebug[39m: {"sender_id":"123","action":{"color":"#ffbb73"}}
30/10 11:40:29.895 [ [32mTranslator[39m       ]   [34mdebug[39m: {"sender_id":"123","action":{"color":"#ffbb73"}}
30/10 11:41:15.326 [ [32mTranslator[39m       ]   [34mdebug[39m: {"sender_id":"123","action":{"on":true}}
30/10 11:41:15.327 [ [32mTranslator[39m       ]   [34mdebug[39m: {"sender_id":"123","action":{"on":true}}
30/10 11:41:24.357 [ [32mTranslator[39m       ]   [34mdebug[39m: {"sender_id":"123","action":{"on":false}}
30/10 11:41:24.357 [ [32mTranslator[39m       ]   [34mdebug[39m: {"sender_id":"123","action":{"on":false}}
30/10 11:41:56.663 [ [32mTranslator[39m       ]   [34mdebug[39m: {"sender_id":"123","action":{"on":true}}
30/10 11:41:56.663 [ [32mTranslator[39m       ]   [34mdebug[39m: {"sender_id":"123","action":{"on":true}}
30/10 11:41:57.958 [ [32mTranslator[39m       ]   [34mdebug[39m: {"sender_id":"123","action":{"on":false}}
30/10 11:41:57.958 [ [32mTranslator[39m       ]   [34mdebug[39m: {"sender_id":"123","action":{"on":false}}
30/10 11:42:02.491 [ [32mTranslator[39m       ]   [34mdebug[39m: {"sender_id":"123","action":{"color":"#ffbb73"}}
30/10 11:42:02.491 [ [32mTranslator[39m       ]   [34mdebug[39m: {"sender_id":"123","action":{"color":"#ffbb73"}}
30/10 11:44:02.077 [ [32mApp[39m              ]    [90minfo[39m: STARTING THING TRANSLATOR 160985ae-833c-4184-a941-065e244938dc
30/10 11:44:02.080 [ [32mApp[39m              ]    [90minfo[39m: STARTING THING TRANSLATOR 160985ae-833c-4184-a941-065e244938dc
30/10 11:44:02.118 [ [32mApp[39m              ]    [90minfo[39m: STARTED THING TRANSLATOR 160985ae-833c-4184-a941-065e244938dc
30/10 11:44:02.119 [ [32mApp[39m              ]    [90minfo[39m: STARTED THING TRANSLATOR 160985ae-833c-4184-a941-065e244938dc
30/10 11:44:07.341 [ [32mTranslator[39m       ]   [34mdebug[39m: {"sender_id":"123","action":{"on":true}}
30/10 11:44:07.341 [ [32mTranslator[39m       ]   [34mdebug[39m: {"sender_id":"123","action":{"on":true}}
30/10 11:44:10.118 [ [32mTranslator[39m       ]   [34mdebug[39m: {"sender_id":"123","action":{"color":"#ffbb73"}}
30/10 11:44:10.118 [ [32mTranslator[39m       ]   [34mdebug[39m: {"sender_id":"123","action":{"color":"#ffbb73"}}
30/10 11:44:11.880 [ [32mTranslator[39m       ]   [34mdebug[39m: {"sender_id":"123","action":{"on":false}}
30/10 11:44:11.880 [ [32mTranslator[39m       ]   [34mdebug[39m: {"sender_id":"123","action":{"on":false}}
30/10 11:44:12.875 [ [32mTranslator[39m       ]   [34mdebug[39m: {"sender_id":"123","action":{"on":true}}
30/10 11:44:12.875 [ [32mTranslator[39m       ]   [34mdebug[39m: {"sender_id":"123","action":{"on":true}}
30/10 11:44:13.864 [ [32mTranslator[39m       ]   [34mdebug[39m: {"sender_id":"123","action":{"color":"#ffbb73"}}
30/10 11:44:13.864 [ [32mTranslator[39m       ]   [34mdebug[39m: {"sender_id":"123","action":{"color":"#ffbb73"}}
30/10 11:44:15.180 [ [32mTranslator[39m       ]   [34mdebug[39m: {"sender_id":"123","action":{"on":false}}
30/10 11:44:15.180 [ [32mTranslator[39m       ]   [34mdebug[39m: {"sender_id":"123","action":{"on":false}}
30/10 12:46:35.512 [ [32mTranslator[39m       ]   [34mdebug[39m: {"sender_id":"123","action":{"on":true}}
30/10 12:46:35.512 [ [32mTranslator[39m       ]   [34mdebug[39m: {"sender_id":"123","action":{"on":true}}
30/10 12:46:36.796 [ [32mTranslator[39m       ]   [34mdebug[39m: {"sender_id":"123","action":{"on":false}}
30/10 12:46:36.796 [ [32mTranslator[39m       ]   [34mdebug[39m: {"sender_id":"123","action":{"on":false}}
30/10 12:46:38.316 [ [32mTranslator[39m       ]   [34mdebug[39m: {"sender_id":"123","action":{"color":"#ffbb73"}}
30/10 12:46:38.341 [ [32mTranslator[39m       ]   [34mdebug[39m: {"sender_id":"123","action":{"color":"#ffbb73"}}
30/10 12:46:39.360 [ [32mTranslator[39m       ]   [34mdebug[39m: {"sender_id":"123","action":{"on":true}}
30/10 12:46:39.360 [ [32mTranslator[39m       ]   [34mdebug[39m: {"sender_id":"123","action":{"on":true}}
30/10 13:03:40.427 [ [32mTranslator[39m       ]   [34mdebug[39m: {"sender_id":"123","action":{"id":"light1","on":true}}
30/10 13:03:40.427 [ [32mTranslator[39m       ]   [34mdebug[39m: {"sender_id":"123","action":{"id":"light1","on":true}}
30/10 13:05:53.374 [ [32mTranslator[39m       ]   [34mdebug[39m: {"sender_id":"123","action":{"id":"light1","on":true}}
30/10 13:05:53.375 [ [32mTranslator[39m       ]   [34mdebug[39m: {"sender_id":"123","action":{"id":"light1","on":true}}
30/10 13:06:33.979 [ [32mApp[39m              ]    [90minfo[39m: STARTING THING TRANSLATOR 160985ae-833c-4184-a941-065e244938dc
30/10 13:06:33.979 [ [32mApp[39m              ]    [90minfo[39m: STARTING THING TRANSLATOR 160985ae-833c-4184-a941-065e244938dc
30/10 13:06:34.073 [ [32mApp[39m              ]    [90minfo[39m: STARTED THING TRANSLATOR 160985ae-833c-4184-a941-065e244938dc
30/10 13:06:34.076 [ [32mApp[39m              ]    [90minfo[39m: STARTED THING TRANSLATOR 160985ae-833c-4184-a941-065e244938dc
30/10 13:06:51.463 [ [32mTranslator[39m       ]   [34mdebug[39m: {"sender_id":"123","action":{"id":"light1","on":true}}
30/10 13:06:51.463 [ [32mTranslator[39m       ]   [34mdebug[39m: {"sender_id":"123","action":{"id":"light1","on":true}}
30/10 13:09:32.995 [ [32mTranslator[39m       ]   [34mdebug[39m: {"sender_id":"123","action":{"id":"light1","on":true}}
30/10 13:09:32.995 [ [32mTranslator[39m       ]   [34mdebug[39m: {"sender_id":"123","action":{"id":"light1","on":true}}
30/10 13:09:40.968 [ [32mTranslator[39m       ]   [34mdebug[39m: {"sender_id":"123","action":{"id":"light1","color":"#ffbb73"}}
30/10 13:09:40.968 [ [32mTranslator[39m       ]   [34mdebug[39m: {"sender_id":"123","action":{"id":"light1","color":"#ffbb73"}}
30/10 13:09:45.722 [ [32mTranslator[39m       ]   [34mdebug[39m: {"sender_id":"123","action":{"id":"light1","on":false}}
30/10 13:09:45.722 [ [32mTranslator[39m       ]   [34mdebug[39m: {"sender_id":"123","action":{"id":"light1","on":false}}
30/10 13:09:48.317 [ [32mTranslator[39m       ]   [34mdebug[39m: {"sender_id":"123","action":{"id":"light1","on":true}}
30/10 13:09:48.317 [ [32mTranslator[39m       ]   [34mdebug[39m: {"sender_id":"123","action":{"id":"light1","on":true}}
30/10 13:16:00.057 [ [32mTranslator[39m       ]   [34mdebug[39m: {"sender_id":"123","action":{"id":"light1","on":true}}
30/10 13:16:00.057 [ [32mTranslator[39m       ]   [34mdebug[39m: {"sender_id":"123","action":{"id":"light1","on":true}}
30/10 13:16:34.984 [ [32mTranslator[39m       ]   [34mdebug[39m: {"sender_id":"123","action":{"id":"light1","color":"#ffbb73"}}
30/10 13:16:34.984 [ [32mTranslator[39m       ]   [34mdebug[39m: {"sender_id":"123","action":{"id":"light1","color":"#ffbb73"}}
30/10 13:17:20.688 [ [32mTranslator[39m       ]   [34mdebug[39m: {"sender_id":"123","action":{"id":"light1","on":false}}
30/10 13:17:20.688 [ [32mTranslator[39m       ]   [34mdebug[39m: {"sender_id":"123","action":{"id":"light1","on":false}}
30/10 13:17:20.742 [ [32mTranslator[39m       ]   [34mdebug[39m: {"sender_id":"123","action":{"id":"light1","on":false}}
30/10 13:17:20.742 [ [32mTranslator[39m       ]   [34mdebug[39m: {"sender_id":"123","action":{"id":"light1","on":false}}
30/10 13:17:37.171 [ [32mTranslator[39m       ]   [34mdebug[39m: {"sender_id":"123","action":{"id":"light1","on":true}}
30/10 13:17:37.171 [ [32mTranslator[39m       ]   [34mdebug[39m: {"sender_id":"123","action":{"id":"light1","on":true}}
30/10 13:17:40.389 [ [32mTranslator[39m       ]   [34mdebug[39m: {"sender_id":"123","action":{"id":"light1","on":false}}
30/10 13:17:40.389 [ [32mTranslator[39m       ]   [34mdebug[39m: {"sender_id":"123","action":{"id":"light1","on":false}}
30/10 13:17:44.150 [ [32mTranslator[39m       ]   [34mdebug[39m: {"sender_id":"123","action":{"id":"light1","on":true}}
30/10 13:17:44.150 [ [32mTranslator[39m       ]   [34mdebug[39m: {"sender_id":"123","action":{"id":"light1","on":true}}
30/10 13:17:45.323 [ [32mTranslator[39m       ]   [34mdebug[39m: {"sender_id":"123","action":{"id":"light1","on":false}}
30/10 13:17:45.323 [ [32mTranslator[39m       ]   [34mdebug[39m: {"sender_id":"123","action":{"id":"light1","on":false}}
30/10 13:17:45.988 [ [32mTranslator[39m       ]   [34mdebug[39m: {"sender_id":"123","action":{"id":"light1","on":true}}
30/10 13:17:45.988 [ [32mTranslator[39m       ]   [34mdebug[39m: {"sender_id":"123","action":{"id":"light1","on":true}}
30/10 13:17:46.660 [ [32mTranslator[39m       ]   [34mdebug[39m: {"sender_id":"123","action":{"id":"light1","color":"#ffbb73"}}
30/10 13:17:46.661 [ [32mTranslator[39m       ]   [34mdebug[39m: {"sender_id":"123","action":{"id":"light1","color":"#ffbb73"}}
30/10 13:21:52.735 [ [32mTranslator[39m       ]   [34mdebug[39m: {"sender_id":"123","action":{"id":"light1","on":true}}
30/10 13:21:52.735 [ [32mTranslator[39m       ]   [34mdebug[39m: {"sender_id":"123","action":{"id":"light1","on":true}}
30/10 13:21:57.937 [ [32mTranslator[39m       ]   [34mdebug[39m: {"sender_id":"123","action":{"id":"light1","color":"#ffbb73"}}
30/10 13:21:57.938 [ [32mTranslator[39m       ]   [34mdebug[39m: {"sender_id":"123","action":{"id":"light1","color":"#ffbb73"}}
30/10 13:22:00.594 [ [32mTranslator[39m       ]   [34mdebug[39m: {"sender_id":"123","action":{"id":"light1","on":false}}
30/10 13:22:00.596 [ [32mTranslator[39m       ]   [34mdebug[39m: {"sender_id":"123","action":{"id":"light1","on":false}}
30/10 13:22:01.943 [ [32mTranslator[39m       ]   [34mdebug[39m: {"sender_id":"123","action":{"id":"light1","on":true}}
30/10 13:22:01.944 [ [32mTranslator[39m       ]   [34mdebug[39m: {"sender_id":"123","action":{"id":"light1","on":true}}
30/10 13:22:02.744 [ [32mTranslator[39m       ]   [34mdebug[39m: {"sender_id":"123","action":{"id":"light1","color":"#ffbb73"}}
30/10 13:22:02.744 [ [32mTranslator[39m       ]   [34mdebug[39m: {"sender_id":"123","action":{"id":"light1","color":"#ffbb73"}}
30/10 13:22:03.456 [ [32mTranslator[39m       ]   [34mdebug[39m: {"sender_id":"123","action":{"id":"light1","on":false}}
30/10 13:22:03.462 [ [32mTranslator[39m       ]   [34mdebug[39m: {"sender_id":"123","action":{"id":"light1","on":false}}
30/10 13:24:03.328 [ [32mTranslator[39m       ]   [34mdebug[39m: {"sender_id":"123","action":{"id":"light2","on":true}}
30/10 13:24:03.328 [ [32mTranslator[39m       ]   [34mdebug[39m: {"sender_id":"123","action":{"id":"light2","on":true}}
30/10 13:28:19.492 [ [32mTranslator[39m       ]   [34mdebug[39m: {"sender_id":"123","action":{"id":"light2","on":true}}
30/10 13:28:19.492 [ [32mTranslator[39m       ]   [34mdebug[39m: {"sender_id":"123","action":{"id":"light2","on":true}}
30/10 13:30:32.459 [ [32mTranslator[39m       ]   [34mdebug[39m: {"sender_id":"123","action":{"id":"light2","on":true}}
30/10 13:30:32.459 [ [32mTranslator[39m       ]   [34mdebug[39m: {"sender_id":"123","action":{"id":"light2","on":true}}
30/10 13:33:33.027 [ [32mTranslator[39m       ]   [34mdebug[39m: {"sender_id":"123","action":{"id":"light2","color":"#ffbb73"}}
30/10 13:33:33.028 [ [32mTranslator[39m       ]   [34mdebug[39m: {"sender_id":"123","action":{"id":"light2","color":"#ffbb73"}}
30/10 13:34:21.384 [ [32mTranslator[39m       ]   [34mdebug[39m: {"sender_id":"123","action":{"id":"light2","on":true}}
30/10 13:34:21.384 [ [32mTranslator[39m       ]   [34mdebug[39m: {"sender_id":"123","action":{"id":"light2","on":true}}
30/10 13:35:10.546 [ [32mTranslator[39m       ]   [34mdebug[39m: {"sender_id":"123","action":{"id":"light2","on":true}}
30/10 13:35:10.546 [ [32mTranslator[39m       ]   [34mdebug[39m: {"sender_id":"123","action":{"id":"light2","on":true}}
30/10 13:35:13.375 [ [32mTranslator[39m       ]   [34mdebug[39m: {"sender_id":"123","action":{"id":"light2","on":false}}
30/10 13:35:13.375 [ [32mTranslator[39m       ]   [34mdebug[39m: {"sender_id":"123","action":{"id":"light2","on":false}}
30/10 13:35:15.102 [ [32mTranslator[39m       ]   [34mdebug[39m: {"sender_id":"123","action":{"id":"light1","on":true}}
30/10 13:35:15.103 [ [32mTranslator[39m       ]   [34mdebug[39m: {"sender_id":"123","action":{"id":"light1","on":true}}
30/10 13:35:16.629 [ [32mTranslator[39m       ]   [34mdebug[39m: {"sender_id":"123","action":{"id":"light2","color":"#ffbb73"}}
30/10 13:35:16.630 [ [32mTranslator[39m       ]   [34mdebug[39m: {"sender_id":"123","action":{"id":"light2","color":"#ffbb73"}}
30/10 13:35:17.574 [ [32mTranslator[39m       ]   [34mdebug[39m: {"sender_id":"123","action":{"id":"light2","on":true}}
30/10 13:35:17.574 [ [32mTranslator[39m       ]   [34mdebug[39m: {"sender_id":"123","action":{"id":"light2","on":true}}
30/10 13:35:43.922 [ [32mTranslator[39m       ]   [34mdebug[39m: {"sender_id":"123","action":{"id":"light1","on":false}}
30/10 13:35:43.923 [ [32mTranslator[39m       ]   [34mdebug[39m: {"sender_id":"123","action":{"id":"light1","on":false}}
30/10 13:43:43.902 [ [32mApp[39m              ]    [90minfo[39m: STARTING THING TRANSLATOR 160985ae-833c-4184-a941-065e244938dc
30/10 13:43:43.903 [ [32mApp[39m              ]    [90minfo[39m: STARTING THING TRANSLATOR 160985ae-833c-4184-a941-065e244938dc
30/10 13:43:43.985 [ [32mApp[39m              ]    [90minfo[39m: STARTED THING TRANSLATOR 160985ae-833c-4184-a941-065e244938dc
30/10 13:43:43.989 [ [32mApp[39m              ]    [90minfo[39m: STARTED THING TRANSLATOR 160985ae-833c-4184-a941-065e244938dc
30/10 13:44:47.146 [ [32mApp[39m              ]    [90minfo[39m: STARTING THING TRANSLATOR 160985ae-833c-4184-a941-065e244938dc
30/10 13:44:47.148 [ [32mApp[39m              ]    [90minfo[39m: STARTING THING TRANSLATOR 160985ae-833c-4184-a941-065e244938dc
30/10 13:44:47.281 [ [32mApp[39m              ]    [90minfo[39m: STARTED THING TRANSLATOR 160985ae-833c-4184-a941-065e244938dc
30/10 13:44:47.289 [ [32mApp[39m              ]    [90minfo[39m: STARTED THING TRANSLATOR 160985ae-833c-4184-a941-065e244938dc
30/10 13:49:26.695 [ [32mApp[39m              ]    [90minfo[39m: STARTING THING TRANSLATOR 160985ae-833c-4184-a941-065e244938dc
30/10 13:49:26.695 [ [32mApp[39m              ]    [90minfo[39m: STARTING THING TRANSLATOR 160985ae-833c-4184-a941-065e244938dc
30/10 13:49:26.764 [ [32mApp[39m              ]    [90minfo[39m: STARTED THING TRANSLATOR 160985ae-833c-4184-a941-065e244938dc
30/10 13:49:26.764 [ [32mApp[39m              ]    [90minfo[39m: STARTED THING TRANSLATOR 160985ae-833c-4184-a941-065e244938dc
30/10 13:49:51.030 [ [32mApp[39m              ]    [90minfo[39m: STARTING THING TRANSLATOR 160985ae-833c-4184-a941-065e244938dc
30/10 13:49:51.037 [ [32mApp[39m              ]    [90minfo[39m: STARTING THING TRANSLATOR 160985ae-833c-4184-a941-065e244938dc
30/10 13:49:51.115 [ [32mApp[39m              ]    [90minfo[39m: STARTED THING TRANSLATOR 160985ae-833c-4184-a941-065e244938dc
30/10 13:49:51.118 [ [32mApp[39m              ]    [90minfo[39m: STARTED THING TRANSLATOR 160985ae-833c-4184-a941-065e244938dc
30/10 13:50:29.370 [ [32mApp[39m              ]    [90minfo[39m: STARTING THING TRANSLATOR 160985ae-833c-4184-a941-065e244938dc
30/10 13:50:29.371 [ [32mApp[39m              ]    [90minfo[39m: STARTING THING TRANSLATOR 160985ae-833c-4184-a941-065e244938dc
30/10 13:50:29.456 [ [32mApp[39m              ]    [90minfo[39m: STARTED THING TRANSLATOR 160985ae-833c-4184-a941-065e244938dc
30/10 13:50:29.461 [ [32mApp[39m              ]    [90minfo[39m: STARTED THING TRANSLATOR 160985ae-833c-4184-a941-065e244938dc
30/10 13:50:49.548 [ [32mApp[39m              ]    [90minfo[39m: STARTING THING TRANSLATOR 160985ae-833c-4184-a941-065e244938dc
30/10 13:50:49.564 [ [32mApp[39m              ]    [90minfo[39m: STARTING THING TRANSLATOR 160985ae-833c-4184-a941-065e244938dc
30/10 13:50:49.641 [ [32mApp[39m              ]    [90minfo[39m: STARTED THING TRANSLATOR 160985ae-833c-4184-a941-065e244938dc
30/10 13:50:49.669 [ [32mApp[39m              ]    [90minfo[39m: STARTED THING TRANSLATOR 160985ae-833c-4184-a941-065e244938dc
30/10 13:51:21.643 [ [32mApp[39m              ]    [90minfo[39m: STARTING THING TRANSLATOR 160985ae-833c-4184-a941-065e244938dc
30/10 13:51:21.649 [ [32mApp[39m              ]    [90minfo[39m: STARTING THING TRANSLATOR 160985ae-833c-4184-a941-065e244938dc
30/10 13:51:21.736 [ [32mApp[39m              ]    [90minfo[39m: STARTED THING TRANSLATOR 160985ae-833c-4184-a941-065e244938dc
30/10 13:51:21.737 [ [32mApp[39m              ]    [90minfo[39m: STARTED THING TRANSLATOR 160985ae-833c-4184-a941-065e244938dc
30/10 13:51:31.591 [ [32mApp[39m              ]    [90minfo[39m: STARTING THING TRANSLATOR 160985ae-833c-4184-a941-065e244938dc
30/10 13:51:31.602 [ [32mApp[39m              ]    [90minfo[39m: STARTING THING TRANSLATOR 160985ae-833c-4184-a941-065e244938dc
30/10 13:51:31.698 [ [32mApp[39m              ]    [90minfo[39m: STARTED THING TRANSLATOR 160985ae-833c-4184-a941-065e244938dc
30/10 13:51:31.711 [ [32mApp[39m              ]    [90minfo[39m: STARTED THING TRANSLATOR 160985ae-833c-4184-a941-065e244938dc
30/10 13:51:34.558 [ [32mApp[39m              ]    [90minfo[39m: STARTING THING TRANSLATOR 160985ae-833c-4184-a941-065e244938dc
30/10 13:51:34.559 [ [32mApp[39m              ]    [90minfo[39m: STARTING THING TRANSLATOR 160985ae-833c-4184-a941-065e244938dc
30/10 13:51:34.641 [ [32mApp[39m              ]    [90minfo[39m: STARTED THING TRANSLATOR 160985ae-833c-4184-a941-065e244938dc
30/10 13:51:34.642 [ [32mApp[39m              ]    [90minfo[39m: STARTED THING TRANSLATOR 160985ae-833c-4184-a941-065e244938dc
30/10 13:55:45.304 [ [32mApp[39m              ]    [90minfo[39m: STARTING THING TRANSLATOR 160985ae-833c-4184-a941-065e244938dc
30/10 13:55:45.304 [ [32mApp[39m              ]    [90minfo[39m: STARTING THING TRANSLATOR 160985ae-833c-4184-a941-065e244938dc
30/10 13:55:45.359 [ [32mApp[39m              ]    [90minfo[39m: STARTED THING TRANSLATOR 160985ae-833c-4184-a941-065e244938dc
30/10 13:55:45.359 [ [32mApp[39m              ]    [90minfo[39m: STARTED THING TRANSLATOR 160985ae-833c-4184-a941-065e244938dc
30/10 13:57:40.686 [ [32mTranslator[39m       ]   [34mdebug[39m: {"sender_id":"123","action":{"id":"light2","on":true}}
30/10 13:57:40.686 [ [32mTranslator[39m       ]   [34mdebug[39m: {"sender_id":"123","action":{"id":"light2","on":true}}
30/10 13:58:49.463 [ [32mApp[39m              ]    [90minfo[39m: STARTING THING TRANSLATOR 160985ae-833c-4184-a941-065e244938dc
30/10 13:58:49.464 [ [32mApp[39m              ]    [90minfo[39m: STARTING THING TRANSLATOR 160985ae-833c-4184-a941-065e244938dc
30/10 13:58:49.542 [ [32mApp[39m              ]    [90minfo[39m: STARTED THING TRANSLATOR 160985ae-833c-4184-a941-065e244938dc
30/10 13:58:49.543 [ [32mApp[39m              ]    [90minfo[39m: STARTED THING TRANSLATOR 160985ae-833c-4184-a941-065e244938dc
30/10 13:58:54.113 [ [32mTranslator[39m       ]   [34mdebug[39m: {"sender_id":"123","action":{"id":"light1","on":true}}
30/10 13:58:54.113 [ [32mTranslator[39m       ]   [34mdebug[39m: {"sender_id":"123","action":{"id":"light1","on":true}}
30/10 14:04:45.632 [ [32mApp[39m              ]    [90minfo[39m: STARTING THING TRANSLATOR 160985ae-833c-4184-a941-065e244938dc
30/10 14:04:45.634 [ [32mApp[39m              ]    [90minfo[39m: STARTING THING TRANSLATOR 160985ae-833c-4184-a941-065e244938dc
30/10 14:04:45.694 [ [32mApp[39m              ]    [90minfo[39m: STARTED THING TRANSLATOR 160985ae-833c-4184-a941-065e244938dc
30/10 14:04:45.714 [ [32mApp[39m              ]    [90minfo[39m: STARTED THING TRANSLATOR 160985ae-833c-4184-a941-065e244938dc
30/10 14:05:22.746 [ [32mApp[39m              ]    [90minfo[39m: STARTING THING TRANSLATOR 160985ae-833c-4184-a941-065e244938dc
30/10 14:05:22.746 [ [32mApp[39m              ]    [90minfo[39m: STARTING THING TRANSLATOR 160985ae-833c-4184-a941-065e244938dc
30/10 14:05:22.800 [ [32mApp[39m              ]    [90minfo[39m: STARTED THING TRANSLATOR 160985ae-833c-4184-a941-065e244938dc
30/10 14:05:22.817 [ [32mApp[39m              ]    [90minfo[39m: STARTED THING TRANSLATOR 160985ae-833c-4184-a941-065e244938dc
30/10 14:14:43.001 [ [32mApp[39m              ]    [90minfo[39m: STARTING THING TRANSLATOR 160985ae-833c-4184-a941-065e244938dc
30/10 14:14:43.001 [ [32mApp[39m              ]    [90minfo[39m: STARTING THING TRANSLATOR 160985ae-833c-4184-a941-065e244938dc
30/10 14:14:43.073 [ [32mApp[39m              ]    [90minfo[39m: STARTED THING TRANSLATOR 160985ae-833c-4184-a941-065e244938dc
30/10 14:14:43.076 [ [32mApp[39m              ]    [90minfo[39m: STARTED THING TRANSLATOR 160985ae-833c-4184-a941-065e244938dc
30/10 14:17:22.961 [ [32mApp[39m              ]    [90minfo[39m: STARTING THING TRANSLATOR 160985ae-833c-4184-a941-065e244938dc
30/10 14:17:22.961 [ [32mApp[39m              ]    [90minfo[39m: STARTING THING TRANSLATOR 160985ae-833c-4184-a941-065e244938dc
30/10 14:17:23.035 [ [32mApp[39m              ]    [90minfo[39m: STARTED THING TRANSLATOR 160985ae-833c-4184-a941-065e244938dc
30/10 14:17:23.035 [ [32mApp[39m              ]    [90minfo[39m: STARTED THING TRANSLATOR 160985ae-833c-4184-a941-065e244938dc
30/10 14:21:01.673 [ [32mApp[39m              ]    [90minfo[39m: STARTING THING TRANSLATOR 160985ae-833c-4184-a941-065e244938dc
30/10 14:21:01.677 [ [32mApp[39m              ]    [90minfo[39m: STARTING THING TRANSLATOR 160985ae-833c-4184-a941-065e244938dc
30/10 14:21:01.776 [ [32mApp[39m              ]    [90minfo[39m: STARTED THING TRANSLATOR 160985ae-833c-4184-a941-065e244938dc
30/10 14:21:01.779 [ [32mApp[39m              ]    [90minfo[39m: STARTED THING TRANSLATOR 160985ae-833c-4184-a941-065e244938dc
30/10 14:22:28.618 [ [32mApp[39m              ]    [90minfo[39m: STARTING THING TRANSLATOR 160985ae-833c-4184-a941-065e244938dc
30/10 14:22:28.618 [ [32mApp[39m              ]    [90minfo[39m: STARTING THING TRANSLATOR 160985ae-833c-4184-a941-065e244938dc
30/10 14:22:28.696 [ [32mApp[39m              ]    [90minfo[39m: STARTED THING TRANSLATOR 160985ae-833c-4184-a941-065e244938dc
30/10 14:22:28.698 [ [32mApp[39m              ]    [90minfo[39m: STARTED THING TRANSLATOR 160985ae-833c-4184-a941-065e244938dc
30/10 14:24:35.507 [ [32mApp[39m              ]    [90minfo[39m: STARTING THING TRANSLATOR 160985ae-833c-4184-a941-065e244938dc
30/10 14:24:35.507 [ [32mApp[39m              ]    [90minfo[39m: STARTING THING TRANSLATOR 160985ae-833c-4184-a941-065e244938dc
30/10 14:24:35.585 [ [32mApp[39m              ]    [90minfo[39m: STARTED THING TRANSLATOR 160985ae-833c-4184-a941-065e244938dc
30/10 14:24:35.587 [ [32mApp[39m              ]    [90minfo[39m: STARTED THING TRANSLATOR 160985ae-833c-4184-a941-065e244938dc
30/10 14:25:17.616 [ [32mApp[39m              ]    [90minfo[39m: STARTING THING TRANSLATOR 160985ae-833c-4184-a941-065e244938dc
30/10 14:25:17.616 [ [32mApp[39m              ]    [90minfo[39m: STARTING THING TRANSLATOR 160985ae-833c-4184-a941-065e244938dc
30/10 14:25:17.681 [ [32mApp[39m              ]    [90minfo[39m: STARTED THING TRANSLATOR 160985ae-833c-4184-a941-065e244938dc
30/10 14:25:17.683 [ [32mApp[39m              ]    [90minfo[39m: STARTED THING TRANSLATOR 160985ae-833c-4184-a941-065e244938dc
